0 info it worked if it ends with ok
1 verbose cli [ '/usr/bin/node',
1 verbose cli   '/usr/bin/npm',
1 verbose cli   'install',
1 verbose cli   '--save',
1 verbose cli   '@',
1 verbose cli   'sendgrid',
1 verbose cli   '/',
1 verbose cli   'mail' ]
2 info using npm@3.5.2
3 info using node@v8.10.0
4 silly loadCurrentTree Starting
5 silly install loadCurrentTree
6 silly install readLocalPackageData
7 silly fetchPackageMetaData @
8 silly fetchPackageMetaData sendgrid
9 silly fetchPackageMetaData /
10 silly fetchPackageMetaData mail
11 silly fetchOtherPackageData @
12 silly cache add args [ '@', null ]
13 verbose cache add spec @
14 silly fetchNamedPackageData sendgrid
15 silly mapToRegistry name sendgrid
16 silly mapToRegistry using default registry
17 silly mapToRegistry registry https://registry.npmjs.org/
18 silly mapToRegistry uri https://registry.npmjs.org/sendgrid
19 silly fetchNamedPackageData mail
20 silly mapToRegistry name mail
21 silly mapToRegistry using default registry
22 silly mapToRegistry registry https://registry.npmjs.org/
23 silly mapToRegistry uri https://registry.npmjs.org/mail
24 silly cache add parsed spec Result {
24 silly cache add   raw: '@',
24 silly cache add   scope: null,
24 silly cache add   name: null,
24 silly cache add   rawSpec: '@',
24 silly cache add   spec: '/home/lex/Escritorio/laboratoria/GDL002-visitors/@',
24 silly cache add   type: 'local' }
25 silly fetchOtherPackageData /
26 silly cache add args [ '/', null ]
27 verbose cache add spec /
28 error addLocal Could not install /home/lex/Escritorio/laboratoria/GDL002-visitors/@
29 silly fetchPackageMetaData Error: ENOENT: no such file or directory, open '/home/lex/Escritorio/laboratoria/GDL002-visitors/@'
29 silly fetchPackageMetaData  error for @ { Error: ENOENT: no such file or directory, open '/home/lex/Escritorio/laboratoria/GDL002-visitors/@'
29 silly fetchPackageMetaData   errno: -2,
29 silly fetchPackageMetaData   code: 'ENOENT',
29 silly fetchPackageMetaData   syscall: 'open',
29 silly fetchPackageMetaData   path: '/home/lex/Escritorio/laboratoria/GDL002-visitors/@' }
30 silly cache add parsed spec Result {
30 silly cache add   raw: '/',
30 silly cache add   scope: null,
30 silly cache add   name: null,
30 silly cache add   rawSpec: '/',
30 silly cache add   spec: '/',
30 silly cache add   type: 'local' }
31 error addLocal Could not install /
32 silly fetchPackageMetaData Error: EISDIR: illegal operation on a directory, read
32 silly fetchPackageMetaData  error for / { Error: EISDIR: illegal operation on a directory, read errno: -21, code: 'EISDIR', syscall: 'read' }
33 verbose request uri https://registry.npmjs.org/mail
34 verbose request no auth needed
35 info attempt registry request try #1 at 23:46:11
36 verbose request id 2613e3d95a330f6a
37 http request GET https://registry.npmjs.org/mail
38 verbose request uri https://registry.npmjs.org/sendgrid
39 verbose request no auth needed
40 info attempt registry request try #1 at 23:46:11
41 http request GET https://registry.npmjs.org/sendgrid
42 http 200 https://registry.npmjs.org/sendgrid
43 verbose headers { date: 'Thu, 02 May 2019 04:46:12 GMT',
43 verbose headers   'content-type': 'application/json; charset=UTF-8',
43 verbose headers   'transfer-encoding': 'chunked',
43 verbose headers   connection: 'keep-alive',
43 verbose headers   'set-cookie':
43 verbose headers    [ '__cfduid=d980c67fbee7566b164fa598874add6d41556772371; expires=Fri, 01-May-20 04:46:11 GMT; path=/; domain=.registry.npmjs.org; HttpOnly' ],
43 verbose headers   'cf-cache-status': 'REVALIDATED',
43 verbose headers   'cache-control': 'max-age=300',
43 verbose headers   'cf-ray': '4d07599b4bcb9a8c-MFE',
43 verbose headers   etag: 'W/"e9f497ea5eea4c9adc89e6531ae40e11"',
43 verbose headers   'expect-ct': 'max-age=604800, report-uri="https://report-uri.cloudflare.com/cdn-cgi/beacon/expect-ct"',
43 verbose headers   'last-modified': 'Sun, 27 May 2018 16:58:07 GMT',
43 verbose headers   vary: 'accept-encoding, accept',
43 verbose headers   server: 'cloudflare',
43 verbose headers   'content-encoding': 'gzip' }
44 silly get cb [ 200,
44 silly get   { date: 'Thu, 02 May 2019 04:46:12 GMT',
44 silly get     'content-type': 'application/json; charset=UTF-8',
44 silly get     'transfer-encoding': 'chunked',
44 silly get     connection: 'keep-alive',
44 silly get     'set-cookie':
44 silly get      [ '__cfduid=d980c67fbee7566b164fa598874add6d41556772371; expires=Fri, 01-May-20 04:46:11 GMT; path=/; domain=.registry.npmjs.org; HttpOnly' ],
44 silly get     'cf-cache-status': 'REVALIDATED',
44 silly get     'cache-control': 'max-age=300',
44 silly get     'cf-ray': '4d07599b4bcb9a8c-MFE',
44 silly get     etag: 'W/"e9f497ea5eea4c9adc89e6531ae40e11"',
44 silly get     'expect-ct': 'max-age=604800, report-uri="https://report-uri.cloudflare.com/cdn-cgi/beacon/expect-ct"',
44 silly get     'last-modified': 'Sun, 27 May 2018 16:58:07 GMT',
44 silly get     vary: 'accept-encoding, accept',
44 silly get     server: 'cloudflare',
44 silly get     'content-encoding': 'gzip' } ]
45 verbose get saving sendgrid to /home/lex/.npm/registry.npmjs.org/sendgrid/.cache.json
46 http 200 https://registry.npmjs.org/mail
47 verbose headers { date: 'Thu, 02 May 2019 04:46:12 GMT',
47 verbose headers   'content-type': 'application/json; charset=UTF-8',
47 verbose headers   'transfer-encoding': 'chunked',
47 verbose headers   connection: 'keep-alive',
47 verbose headers   'set-cookie':
47 verbose headers    [ '__cfduid=d2751346c1a5095a6adcb7ac02455f2e71556772371; expires=Fri, 01-May-20 04:46:11 GMT; path=/; domain=.registry.npmjs.org; HttpOnly' ],
47 verbose headers   'cf-cache-status': 'MISS',
47 verbose headers   'cache-control': 'max-age=300',
47 verbose headers   'cf-ray': '4d07599b5f639a3e-MFE',
47 verbose headers   etag: 'W/"cfccb3ca63a482a619d978cb6c5cfa4e"',
47 verbose headers   'expect-ct': 'max-age=604800, report-uri="https://report-uri.cloudflare.com/cdn-cgi/beacon/expect-ct"',
47 verbose headers   'last-modified': 'Sun, 27 May 2018 07:18:12 GMT',
47 verbose headers   vary: 'accept-encoding, accept',
47 verbose headers   server: 'cloudflare',
47 verbose headers   'content-encoding': 'gzip' }
48 silly get cb [ 200,
48 silly get   { date: 'Thu, 02 May 2019 04:46:12 GMT',
48 silly get     'content-type': 'application/json; charset=UTF-8',
48 silly get     'transfer-encoding': 'chunked',
48 silly get     connection: 'keep-alive',
48 silly get     'set-cookie':
48 silly get      [ '__cfduid=d2751346c1a5095a6adcb7ac02455f2e71556772371; expires=Fri, 01-May-20 04:46:11 GMT; path=/; domain=.registry.npmjs.org; HttpOnly' ],
48 silly get     'cf-cache-status': 'MISS',
48 silly get     'cache-control': 'max-age=300',
48 silly get     'cf-ray': '4d07599b5f639a3e-MFE',
48 silly get     etag: 'W/"cfccb3ca63a482a619d978cb6c5cfa4e"',
48 silly get     'expect-ct': 'max-age=604800, report-uri="https://report-uri.cloudflare.com/cdn-cgi/beacon/expect-ct"',
48 silly get     'last-modified': 'Sun, 27 May 2018 07:18:12 GMT',
48 silly get     vary: 'accept-encoding, accept',
48 silly get     server: 'cloudflare',
48 silly get     'content-encoding': 'gzip' } ]
49 verbose get saving mail to /home/lex/.npm/registry.npmjs.org/mail/.cache.json
50 silly rollbackFailedOptional Starting
51 silly rollbackFailedOptional Finishing
52 silly runTopLevelLifecycles Starting
53 silly runTopLevelLifecycles Finishing
54 silly install printInstalled
55 verbose stack Error: ENOENT: no such file or directory, open '/home/lex/Escritorio/laboratoria/GDL002-visitors/@'
56 verbose cwd /home/lex/Escritorio/laboratoria/GDL002-visitors
57 error Linux 4.18.0-17-generic
58 error argv "/usr/bin/node" "/usr/bin/npm" "install" "--save" "@" "sendgrid" "/" "mail"
59 error node v8.10.0
60 error npm  v3.5.2
61 error path /home/lex/Escritorio/laboratoria/GDL002-visitors/@
62 error code ENOENT
63 error errno -2
64 error syscall open
65 error enoent ENOENT: no such file or directory, open '/home/lex/Escritorio/laboratoria/GDL002-visitors/@'
66 error enoent ENOENT: no such file or directory, open '/home/lex/Escritorio/laboratoria/GDL002-visitors/@'
66 error enoent This is most likely not a problem with npm itself
66 error enoent and is related to npm not being able to find a file.
67 verbose exit [ -2, true ]
